{"/Users/hermanuskalo/Desktop/backend-project-lvl2/index.js": {"path":"/Users/hermanuskalo/Desktop/backend-project-lvl2/index.js","all":false,"statementMap":{"0":{"start":{"line":1,"column":0},"end":{"line":1,"column":12}},"1":{"start":{"line":2,"column":0},"end":{"line":2,"column":0}},"2":{"start":{"line":3,"column":0},"end":{"line":3,"column":64}},"3":{"start":{"line":4,"column":0},"end":{"line":4,"column":23}},"4":{"start":{"line":5,"column":0},"end":{"line":5,"column":0}},"5":{"start":{"line":6,"column":0},"end":{"line":6,"column":29}},"6":{"start":{"line":7,"column":0},"end":{"line":7,"column":30}},"7":{"start":{"line":8,"column":0},"end":{"line":8,"column":35}},"8":{"start":{"line":9,"column":0},"end":{"line":9,"column":109}},"9":{"start":{"line":10,"column":0},"end":{"line":10,"column":5}},"10":{"start":{"line":11,"column":0},"end":{"line":11,"column":28}},"11":{"start":{"line":12,"column":0},"end":{"line":12,"column":55}},"12":{"start":{"line":13,"column":0},"end":{"line":13,"column":5}},"13":{"start":{"line":14,"column":0},"end":{"line":14,"column":28}},"14":{"start":{"line":15,"column":0},"end":{"line":15,"column":55}},"15":{"start":{"line":16,"column":0},"end":{"line":16,"column":5}},"16":{"start":{"line":17,"column":0},"end":{"line":17,"column":51}},"17":{"start":{"line":18,"column":0},"end":{"line":18,"column":5}},"18":{"start":{"line":19,"column":0},"end":{"line":19,"column":35}},"19":{"start":{"line":20,"column":0},"end":{"line":20,"column":2}},"20":{"start":{"line":21,"column":0},"end":{"line":21,"column":0}},"21":{"start":{"line":22,"column":0},"end":{"line":22,"column":32}},"22":{"start":{"line":23,"column":0},"end":{"line":23,"column":53}},"23":{"start":{"line":24,"column":0},"end":{"line":24,"column":30}},"24":{"start":{"line":25,"column":0},"end":{"line":25,"column":40}},"25":{"start":{"line":26,"column":0},"end":{"line":26,"column":29}},"26":{"start":{"line":27,"column":0},"end":{"line":27,"column":14}},"27":{"start":{"line":28,"column":0},"end":{"line":28,"column":19}},"28":{"start":{"line":29,"column":0},"end":{"line":29,"column":12}},"29":{"start":{"line":30,"column":0},"end":{"line":30,"column":26}},"30":{"start":{"line":31,"column":0},"end":{"line":31,"column":8}},"31":{"start":{"line":32,"column":0},"end":{"line":32,"column":5}},"32":{"start":{"line":33,"column":0},"end":{"line":33,"column":29}},"33":{"start":{"line":34,"column":0},"end":{"line":34,"column":14}},"34":{"start":{"line":35,"column":0},"end":{"line":35,"column":19}},"35":{"start":{"line":36,"column":0},"end":{"line":36,"column":12}},"36":{"start":{"line":37,"column":0},"end":{"line":37,"column":26}},"37":{"start":{"line":38,"column":0},"end":{"line":38,"column":8}},"38":{"start":{"line":39,"column":0},"end":{"line":39,"column":5}},"39":{"start":{"line":40,"column":0},"end":{"line":40,"column":45}},"40":{"start":{"line":41,"column":0},"end":{"line":41,"column":14}},"41":{"start":{"line":42,"column":0},"end":{"line":42,"column":26}},"42":{"start":{"line":43,"column":0},"end":{"line":43,"column":12}},"43":{"start":{"line":44,"column":0},"end":{"line":44,"column":40}},"44":{"start":{"line":45,"column":0},"end":{"line":45,"column":8}},"45":{"start":{"line":46,"column":0},"end":{"line":46,"column":5}},"46":{"start":{"line":47,"column":0},"end":{"line":47,"column":12}},"47":{"start":{"line":48,"column":0},"end":{"line":48,"column":19}},"48":{"start":{"line":49,"column":0},"end":{"line":49,"column":10}},"49":{"start":{"line":50,"column":0},"end":{"line":50,"column":24}},"50":{"start":{"line":51,"column":0},"end":{"line":51,"column":6}},"51":{"start":{"line":52,"column":0},"end":{"line":52,"column":5}},"52":{"start":{"line":53,"column":0},"end":{"line":53,"column":0}},"53":{"start":{"line":54,"column":0},"end":{"line":54,"column":17}},"54":{"start":{"line":55,"column":0},"end":{"line":55,"column":2}},"55":{"start":{"line":56,"column":0},"end":{"line":56,"column":0}},"56":{"start":{"line":57,"column":0},"end":{"line":57,"column":41}},"57":{"start":{"line":58,"column":0},"end":{"line":58,"column":12}},"58":{"start":{"line":59,"column":0},"end":{"line":59,"column":13}},"59":{"start":{"line":60,"column":0},"end":{"line":60,"column":3}},"60":{"start":{"line":61,"column":0},"end":{"line":61,"column":48}},"61":{"start":{"line":62,"column":0},"end":{"line":62,"column":48}},"62":{"start":{"line":63,"column":0},"end":{"line":63,"column":45}},"63":{"start":{"line":64,"column":0},"end":{"line":64,"column":29}},"64":{"start":{"line":65,"column":0},"end":{"line":65,"column":2}},"65":{"start":{"line":66,"column":0},"end":{"line":66,"column":0}},"66":{"start":{"line":67,"column":0},"end":{"line":67,"column":23}}},"s":{"0":1,"1":1,"2":1,"3":1,"4":1,"5":1,"6":1,"7":5,"8":1,"9":1,"10":5,"11":2,"12":2,"13":5,"14":1,"15":1,"16":1,"17":1,"18":1,"19":1,"20":1,"21":1,"22":1,"23":1,"24":1,"25":5,"26":1,"27":1,"28":1,"29":1,"30":1,"31":1,"32":5,"33":2,"34":2,"35":2,"36":2,"37":2,"38":2,"39":5,"40":1,"41":1,"42":1,"43":1,"44":1,"45":1,"46":1,"47":1,"48":1,"49":1,"50":1,"51":1,"52":1,"53":1,"54":1,"55":1,"56":1,"57":1,"58":0,"59":0,"60":1,"61":1,"62":1,"63":1,"64":1,"65":1,"66":1},"branchMap":{"0":{"type":"branch","line":1,"loc":{"start":{"line":1,"column":0},"end":{"line":67,"column":23}},"locations":[{"start":{"line":1,"column":0},"end":{"line":67,"column":23}}]},"1":{"type":"branch","line":6,"loc":{"start":{"line":6,"column":19},"end":{"line":20,"column":1}},"locations":[{"start":{"line":6,"column":19},"end":{"line":20,"column":1}}]},"2":{"type":"branch","line":7,"loc":{"start":{"line":7,"column":20},"end":{"line":18,"column":3}},"locations":[{"start":{"line":7,"column":20},"end":{"line":18,"column":3}}]},"3":{"type":"branch","line":8,"loc":{"start":{"line":8,"column":34},"end":{"line":10,"column":5}},"locations":[{"start":{"line":8,"column":34},"end":{"line":10,"column":5}}]},"4":{"type":"branch","line":11,"loc":{"start":{"line":11,"column":-1},"end":{"line":11,"column":27}},"locations":[{"start":{"line":11,"column":-1},"end":{"line":11,"column":27}}]},"5":{"type":"branch","line":11,"loc":{"start":{"line":11,"column":27},"end":{"line":14,"column":27}},"locations":[{"start":{"line":11,"column":27},"end":{"line":14,"column":27}}]},"6":{"type":"branch","line":14,"loc":{"start":{"line":14,"column":27},"end":{"line":18,"column":2}},"locations":[{"start":{"line":14,"column":27},"end":{"line":18,"column":2}}]},"7":{"type":"branch","line":22,"loc":{"start":{"line":22,"column":13},"end":{"line":55,"column":1}},"locations":[{"start":{"line":22,"column":13},"end":{"line":55,"column":1}}]},"8":{"type":"branch","line":25,"loc":{"start":{"line":25,"column":30},"end":{"line":52,"column":3}},"locations":[{"start":{"line":25,"column":30},"end":{"line":52,"column":3}}]},"9":{"type":"branch","line":26,"loc":{"start":{"line":26,"column":28},"end":{"line":32,"column":5}},"locations":[{"start":{"line":26,"column":28},"end":{"line":32,"column":5}}]},"10":{"type":"branch","line":33,"loc":{"start":{"line":33,"column":-1},"end":{"line":33,"column":28}},"locations":[{"start":{"line":33,"column":-1},"end":{"line":33,"column":28}}]},"11":{"type":"branch","line":33,"loc":{"start":{"line":33,"column":28},"end":{"line":40,"column":44}},"locations":[{"start":{"line":33,"column":28},"end":{"line":40,"column":44}}]},"12":{"type":"branch","line":40,"loc":{"start":{"line":40,"column":44},"end":{"line":52,"column":2}},"locations":[{"start":{"line":40,"column":44},"end":{"line":52,"column":2}}]},"13":{"type":"branch","line":57,"loc":{"start":{"line":57,"column":16},"end":{"line":65,"column":1}},"locations":[{"start":{"line":57,"column":16},"end":{"line":65,"column":1}}]},"14":{"type":"branch","line":58,"loc":{"start":{"line":58,"column":11},"end":{"line":60,"column":3}},"locations":[{"start":{"line":58,"column":11},"end":{"line":60,"column":3}}]}},"b":{"0":[1],"1":[1],"2":[5],"3":[1],"4":[4],"5":[2],"6":[1],"7":[1],"8":[5],"9":[1],"10":[4],"11":[2],"12":[1],"13":[1],"14":[0]},"fnMap":{"0":{"name":"jsonString","decl":{"start":{"line":6,"column":19},"end":{"line":20,"column":1}},"loc":{"start":{"line":6,"column":19},"end":{"line":20,"column":1}},"line":6},"1":{"name":"diff","decl":{"start":{"line":22,"column":13},"end":{"line":55,"column":1}},"loc":{"start":{"line":22,"column":13},"end":{"line":55,"column":1}},"line":22},"2":{"name":"genDiff","decl":{"start":{"line":57,"column":16},"end":{"line":65,"column":1}},"loc":{"start":{"line":57,"column":16},"end":{"line":65,"column":1}},"line":57}},"f":{"0":1,"1":1,"2":1}}
,"/Users/hermanuskalo/Desktop/backend-project-lvl2/src/utils.js": {"path":"/Users/hermanuskalo/Desktop/backend-project-lvl2/src/utils.js","all":false,"statementMap":{"0":{"start":{"line":1,"column":0},"end":{"line":1,"column":12}},"1":{"start":{"line":2,"column":0},"end":{"line":2,"column":0}},"2":{"start":{"line":3,"column":0},"end":{"line":3,"column":34}},"3":{"start":{"line":4,"column":0},"end":{"line":4,"column":27}},"4":{"start":{"line":5,"column":0},"end":{"line":5,"column":0}},"5":{"start":{"line":6,"column":0},"end":{"line":6,"column":28}},"6":{"start":{"line":7,"column":0},"end":{"line":7,"column":71}},"7":{"start":{"line":8,"column":0},"end":{"line":8,"column":2}},"8":{"start":{"line":9,"column":0},"end":{"line":9,"column":0}},"9":{"start":{"line":10,"column":0},"end":{"line":10,"column":20}}},"s":{"0":1,"1":1,"2":1,"3":1,"4":1,"5":1,"6":2,"7":1,"8":1,"9":1},"branchMap":{"0":{"type":"branch","line":1,"loc":{"start":{"line":1,"column":0},"end":{"line":10,"column":20}},"locations":[{"start":{"line":1,"column":0},"end":{"line":10,"column":20}}]},"1":{"type":"branch","line":6,"loc":{"start":{"line":6,"column":17},"end":{"line":8,"column":1}},"locations":[{"start":{"line":6,"column":17},"end":{"line":8,"column":1}}]}},"b":{"0":[1],"1":[2]},"fnMap":{"0":{"name":"readTree","decl":{"start":{"line":6,"column":17},"end":{"line":8,"column":1}},"loc":{"start":{"line":6,"column":17},"end":{"line":8,"column":1}},"line":6}},"f":{"0":2}}
}
