TN:
SF:index.js
FN:6,jsonString
FN:22,diff
FN:57,genDiff
FNF:3
FNH:3
FNDA:1,jsonString
FNDA:1,diff
FNDA:1,genDiff
DA:1,1
DA:2,1
DA:3,1
DA:4,1
DA:5,1
DA:6,1
DA:7,1
DA:8,5
DA:9,1
DA:10,1
DA:11,5
DA:12,2
DA:13,2
DA:14,5
DA:15,1
DA:16,1
DA:17,1
DA:18,1
DA:19,1
DA:20,1
DA:21,1
DA:22,1
DA:23,1
DA:24,1
DA:25,1
DA:26,5
DA:27,1
DA:28,1
DA:29,1
DA:30,1
DA:31,1
DA:32,1
DA:33,5
DA:34,2
DA:35,2
DA:36,2
DA:37,2
DA:38,2
DA:39,2
DA:40,5
DA:41,1
DA:42,1
DA:43,1
DA:44,1
DA:45,1
DA:46,1
DA:47,1
DA:48,1
DA:49,1
DA:50,1
DA:51,1
DA:52,1
DA:53,1
DA:54,1
DA:55,1
DA:56,1
DA:57,1
DA:58,1
DA:59,0
DA:60,0
DA:61,1
DA:62,1
DA:63,1
DA:64,1
DA:65,1
DA:66,1
DA:67,1
LF:67
LH:65
BRDA:1,0,0,1
BRDA:6,1,0,1
BRDA:7,2,0,5
BRDA:8,3,0,1
BRDA:11,4,0,4
BRDA:11,5,0,2
BRDA:14,6,0,1
BRDA:22,7,0,1
BRDA:25,8,0,5
BRDA:26,9,0,1
BRDA:33,10,0,4
BRDA:33,11,0,2
BRDA:40,12,0,1
BRDA:57,13,0,1
BRDA:58,14,0,0
BRF:15
BRH:14
end_of_record
TN:
SF:src/utils.js
FN:6,readTree
FNF:1
FNH:1
FNDA:2,readTree
DA:1,1
DA:2,1
DA:3,1
DA:4,1
DA:5,1
DA:6,1
DA:7,2
DA:8,1
DA:9,1
DA:10,1
LF:10
LH:10
BRDA:1,0,0,1
BRDA:6,1,0,2
BRF:2
BRH:2
end_of_record
